<?xml version="1.0" encoding="UTF-8"?>
<testng-results ignored="0" total="2" passed="2" failed="0" skipped="0">
  <reporter-output>
  </reporter-output>
  <suite started-at="2021-12-13T10:56:18 IST" name="Suite" finished-at="2021-12-13T10:58:25 IST" duration-ms="126947">
    <groups>
    </groups>
    <test started-at="2021-12-13T10:56:18 IST" name="Test" finished-at="2021-12-13T10:58:25 IST" duration-ms="126947">
      <class name="e2eproject.finaldemo.LoginTestCase">
        <test-method signature="Basepagenavigation(java.lang.String,java.lang.String)[pri:0, instance:e2eproject.finaldemo.LoginTestCase@1613674b]" started-at="2021-12-13T10:56:18 IST" name="Basepagenavigation" data-provider="getData" finished-at="2021-12-13T10:57:10 IST" duration-ms="51834" status="PASS">
          <params>
            <param index="0">
              <value>
                <![CDATA[test@1]]>
              </value>
            </param>
            <param index="1">
              <value>
                <![CDATA[komal123]]>
              </value>
            </param>
          </params>
          <reporter-output>
          </reporter-output>
        </test-method> <!-- Basepagenavigation -->
        <test-method signature="Basepagenavigation(java.lang.String,java.lang.String)[pri:0, instance:e2eproject.finaldemo.LoginTestCase@1613674b]" started-at="2021-12-13T10:57:10 IST" name="Basepagenavigation" data-provider="getData" finished-at="2021-12-13T10:58:25 IST" duration-ms="74961" status="PASS">
          <params>
            <param index="0">
              <value>
                <![CDATA[test@2]]>
              </value>
            </param>
            <param index="1">
              <value>
                <![CDATA[abcd]]>
              </value>
            </param>
          </params>
          <reporter-output>
          </reporter-output>
        </test-method> <!-- Basepagenavigation -->
      </class> <!-- e2eproject.finaldemo.LoginTestCase -->
    </test> <!-- Test -->
  </suite> <!-- Suite -->
</testng-results>
